<?xml version="1.0" encoding="UTF-8"?>
<!-- Generated by org.testng.reporters.JUnitReportReporter -->
<testsuite hostname="LAPTOP-B0UQO9HM" failures="0" tests="1" name="test.BlazeDemoRegisterTEST" time="5.300" errors="0" timestamp="2024-06-12T15:53:42 IST" skipped="0">
  <testcase classname="test.BlazeDemoRegisterTEST" name="testa" time="5.300"/>
</testsuite> <!-- test.BlazeDemoRegisterTEST -->
