<?xml version="1.0" encoding="UTF-8"?>
<!-- Generated by org.testng.reporters.JUnitReportReporter -->
<testsuite hostname="LAPTOP-B0UQO9HM" failures="0" tests="1" name="test.BlazeDemoLOGINTEST" time="3.898" errors="0" timestamp="2024-06-12T15:50:46 IST" skipped="0">
  <testcase classname="test.BlazeDemoLOGINTEST" name="testa" time="3.898"/>
</testsuite> <!-- test.BlazeDemoLOGINTEST -->
